d:\users\tom remeeus\onedrive\school\avans ti\jaar 2\periode 4\c++\datastructuren\datastructuren\x64\debug\datastructuren.pch
d:\users\tom remeeus\onedrive\school\avans ti\jaar 2\periode 4\c++\datastructuren\datastructuren\x64\debug\vc141.pdb
d:\users\tom remeeus\onedrive\school\avans ti\jaar 2\periode 4\c++\datastructuren\datastructuren\x64\debug\vc141.idb
d:\users\tom remeeus\onedrive\school\avans ti\jaar 2\periode 4\c++\datastructuren\datastructuren\x64\debug\stdafx.obj
d:\users\tom remeeus\onedrive\school\avans ti\jaar 2\periode 4\c++\datastructuren\datastructuren\x64\debug\simplemethods.obj
d:\users\tom remeeus\onedrive\school\avans ti\jaar 2\periode 4\c++\datastructuren\datastructuren\x64\debug\datastructuren.obj
d:\users\tom remeeus\onedrive\school\avans ti\jaar 2\periode 4\c++\datastructuren\datastructuren\x64\debug\consoleio.obj
d:\users\tom remeeus\onedrive\school\avans ti\jaar 2\periode 4\c++\datastructuren\datastructuren\x64\debug\fileio.obj
d:\users\tom remeeus\onedrive\school\avans ti\jaar 2\periode 4\c++\datastructuren\datastructuren\x64\debug\pointers.obj
d:\users\tom remeeus\onedrive\school\avans ti\jaar 2\periode 4\c++\datastructuren\datastructuren\x64\debug\datastructuren.exe
d:\users\tom remeeus\onedrive\school\avans ti\jaar 2\periode 4\c++\datastructuren\datastructuren\x64\debug\datastructuren.ilk
d:\users\tom remeeus\onedrive\school\avans ti\jaar 2\periode 4\c++\datastructuren\datastructuren\x64\debug\datastructuren.pdb
c:\users\tom remeeus\onedrive\school\avans ti\jaar 2\periode 4\c++\datastructuren\datastructuren\x64\debug\consoleio.obj
c:\users\tom remeeus\onedrive\school\avans ti\jaar 2\periode 4\c++\datastructuren\datastructuren\x64\debug\datastructuren.obj
c:\users\tom remeeus\onedrive\school\avans ti\jaar 2\periode 4\c++\datastructuren\datastructuren\x64\debug\fileio.obj
c:\users\tom remeeus\onedrive\school\avans ti\jaar 2\periode 4\c++\datastructuren\datastructuren\x64\debug\pointers.obj
c:\users\tom remeeus\onedrive\school\avans ti\jaar 2\periode 4\c++\datastructuren\datastructuren\x64\debug\simplemethod.obj
c:\users\tom remeeus\onedrive\school\avans ti\jaar 2\periode 4\c++\datastructuren\datastructuren\x64\debug\simplemethods.obj
c:\users\tom remeeus\onedrive\school\avans ti\jaar 2\periode 4\c++\datastructuren\datastructuren\x64\debug\stdafx.obj
c:\users\tom remeeus\onedrive\school\avans ti\jaar 2\periode 4\c++\datastructuren\datastructuren\x64\debug\datastructuren.ilk
c:\users\tom remeeus\onedrive\school\avans ti\jaar 2\periode 4\c++\datastructuren\datastructuren\x64\debug\datastructuren.pch
c:\users\tom remeeus\onedrive\school\avans ti\jaar 2\periode 4\c++\datastructuren\datastructuren\x64\debug\vc141.idb
c:\users\tom remeeus\onedrive\school\avans ti\jaar 2\periode 4\c++\datastructuren\datastructuren\x64\debug\datastructuren.pdb
c:\users\tom remeeus\onedrive\school\avans ti\jaar 2\periode 4\c++\datastructuren\datastructuren\x64\debug\vc141.pdb
c:\users\tom remeeus\onedrive\school\avans ti\jaar 2\periode 4\c++\datastructuren\datastructuren\x64\debug\datastructuren.exe
c:\users\tom remeeus\onedrive\school\avans ti\jaar 2\periode 4\c++\datastructuren\datastructuren\x64\debug\datastructuren.tlog\cl.command.1.tlog
c:\users\tom remeeus\onedrive\school\avans ti\jaar 2\periode 4\c++\datastructuren\datastructuren\x64\debug\datastructuren.tlog\cl.read.1.tlog
c:\users\tom remeeus\onedrive\school\avans ti\jaar 2\periode 4\c++\datastructuren\datastructuren\x64\debug\datastructuren.tlog\cl.write.1.tlog
c:\users\tom remeeus\onedrive\school\avans ti\jaar 2\periode 4\c++\datastructuren\datastructuren\x64\debug\datastructuren.tlog\link.command.1.tlog
c:\users\tom remeeus\onedrive\school\avans ti\jaar 2\periode 4\c++\datastructuren\datastructuren\x64\debug\datastructuren.tlog\link.read.1.tlog
c:\users\tom remeeus\onedrive\school\avans ti\jaar 2\periode 4\c++\datastructuren\datastructuren\x64\debug\datastructuren.tlog\link.write.1.tlog
